<?xml version="1.0" encoding="UTF-8" ?>
<testsuite failures="0" time="0.288" errors="0" skipped="0" tests="1" name="se.vgregion.kivtools.search.intsvc.ws.UnitDetailsEndPointTest">
  <properties>
    <property name="java.vendor" value="Sun Microsystems Inc."/>
    <property name="env.SESSION_MANAGER" value="local/david-laptop:/tmp/.ICE-unix/3904"/>
    <property name="localRepository" value="/home/david/.m2/repository"/>
    <property name="sun.java.launcher" value="SUN_STANDARD"/>
    <property name="sun.management.compiler" value="HotSpot Tiered Compilers"/>
    <property name="os.name" value="Linux"/>
    <property name="sun.boot.class.path" value="/usr/lib/jvm/java-6-sun-1.6.0.13/jre/lib/resources.jar:/usr/lib/jvm/java-6-sun-1.6.0.13/jre/lib/rt.jar:/usr/lib/jvm/java-6-sun-1.6.0.13/jre/lib/sunrsasign.jar:/usr/lib/jvm/java-6-sun-1.6.0.13/jre/lib/jsse.jar:/usr/lib/jvm/java-6-sun-1.6.0.13/jre/lib/jce.jar:/usr/lib/jvm/java-6-sun-1.6.0.13/jre/lib/charsets.jar:/usr/lib/jvm/java-6-sun-1.6.0.13/jre/classes"/>
    <property name="env.PWD" value="/home/david/vgr/oppna-program/HsaTools/trunk"/>
    <property name="env.XDG_SESSION_COOKIE" value="3c99e3a99fa5bf5453e4bf4e49d3fa3c-1242142270.409692-1687898174"/>
    <property name="sun.desktop" value="gnome"/>
    <property name="env.LANG" value="en_US.UTF-8"/>
    <property name="java.vm.specification.vendor" value="Sun Microsystems Inc."/>
    <property name="java.runtime.version" value="1.6.0_13-b03"/>
    <property name="env.DISPLAY" value=":0.0"/>
    <property name="user.name" value="david"/>
    <property name="env.USER" value="david"/>
    <property name="env.SHELL" value="/bin/bash"/>
    <property name="env.MOZILLA_FIVE_HOME" value="/usr/lib/xulrunner-addons"/>
    <property name="env.DESKTOP_SESSION" value="default"/>
    <property name="env.XDG_DATA_DIRS" value="/usr/local/share/:/usr/share/:/usr/share/gdm/"/>
    <property name="env.NLSPATH" value="/usr/dt/lib/nls/msg/%L/%N.cat"/>
    <property name="env.PATH" value="/usr/local/sbin:/usr/local/bin:/usr/sbin:/usr/bin:/sbin:/bin:/usr/games"/>
    <property name="user.language" value="en"/>
    <property name="sun.boot.library.path" value="/usr/lib/jvm/java-6-sun-1.6.0.13/jre/lib/i386"/>
    <property name="classworlds.conf" value="/usr/share/maven2/bin/m2.conf"/>
    <property name="java.version" value="1.6.0_13"/>
    <property name="user.timezone" value="Europe/Stockholm"/>
    <property name="env.DBUS_SESSION_BUS_ADDRESS" value="unix:abstract=/tmp/dbus-ipOYu1KH3k,guid=d53c3dabccf7f8b5cb5995f14a099640"/>
    <property name="sun.arch.data.model" value="32"/>
    <property name="env.SSH_AGENT_PID" value="3963"/>
    <property name="java.endorsed.dirs" value="/usr/lib/jvm/java-6-sun-1.6.0.13/jre/lib/endorsed"/>
    <property name="sun.cpu.isalist" value=""/>
    <property name="sun.jnu.encoding" value="UTF-8"/>
    <property name="file.encoding.pkg" value="sun.io"/>
    <property name="file.separator" value="/"/>
    <property name="java.specification.name" value="Java Platform API Specification"/>
    <property name="env.GNOME_DESKTOP_SESSION_ID" value="this-is-deprecated"/>
    <property name="java.class.version" value="50.0"/>
    <property name="env.GDMSESSION" value="default"/>
    <property name="user.country" value="US"/>
    <property name="env.GNOME_KEYRING_PID" value="3891"/>
    <property name="java.home" value="/usr/lib/jvm/java-6-sun-1.6.0.13/jre"/>
    <property name="java.vm.info" value="mixed mode"/>
    <property name="env.LOGNAME" value="david"/>
    <property name="os.version" value="2.6.28-11-generic"/>
    <property name="path.separator" value=":"/>
    <property name="java.vm.version" value="11.3-b02"/>
    <property name="java.awt.printerjob" value="sun.print.PSPrinterJob"/>
    <property name="env.WINDOWPATH" value="7"/>
    <property name="sun.io.unicode.encoding" value="UnicodeLittle"/>
    <property name="env.GDM_LANG" value="en_US.UTF-8"/>
    <property name="user.home" value="/home/david"/>
    <property name="java.specification.vendor" value="Sun Microsystems Inc."/>
    <property name="java.library.path" value="/usr/lib/jvm/java-6-sun-1.6.0.13/jre/lib/i386/server:/usr/lib/jvm/java-6-sun-1.6.0.13/jre/lib/i386:/usr/lib/jvm/java-6-sun-1.6.0.13/jre/../lib/i386:/usr/lib/jvm/java-6-sun-1.6.0.13/jre/lib/i386/client:/usr/lib/jvm/java-6-sun-1.6.0.13/jre/lib/i386:/usr/lib/xulrunner-addons:/usr/lib/xulrunner-addons:/usr/java/packages/lib/i386:/lib:/usr/lib"/>
    <property name="java.vendor.url" value="http://java.sun.com/"/>
    <property name="env.GDM_XSERVER_LOCATION" value="local"/>
    <property name="java.vm.vendor" value="Sun Microsystems Inc."/>
    <property name="maven.home" value="/usr/share/maven2"/>
    <property name="java.runtime.name" value="Java(TM) SE Runtime Environment"/>
    <property name="java.class.path" value="/usr/share/maven2/boot/classworlds.jar"/>
    <property name="env.XFILESEARCHPATH" value="/usr/dt/app-defaults/%L/Dt"/>
    <property name="java.vm.specification.name" value="Java Virtual Machine Specification"/>
    <property name="java.vm.specification.version" value="1.0"/>
    <property name="sun.cpu.endian" value="little"/>
    <property name="env.GTK_RC_FILES" value="/etc/gtk/gtkrc:/home/david/.gtkrc-1.2-gnome2"/>
    <property name="sun.os.patch.level" value="unknown"/>
    <property name="env.HOME" value="/home/david"/>
    <property name="surefire.test.class.path" value="/home/david/vgr/oppna-program/HsaTools/trunk/HRIV/modules/intsvc/target/test-classes:/home/david/vgr/oppna-program/HsaTools/trunk/HRIV/modules/intsvc/target/classes:/home/david/vgr/oppna-program/HsaTools/trunk/Search/composites/schema/target/HsaTools-Search-composite-schema-1.0-SNAPSHOT.jar:/home/david/vgr/oppna-program/HsaTools/trunk/Search/composites/types/target/HsaTools-Search-composite-types-1.0-SNAPSHOT.jar:/home/david/.m2/repository/log4j/log4j/1.2.14/log4j-1.2.14.jar:/home/david/.m2/repository/commons-logging/commons-logging/1.1.1/commons-logging-1.1.1.jar:/home/david/.m2/repository/commons-collections/commons-collections/3.2.1/commons-collections-3.2.1.jar:/home/david/.m2/repository/org/springframework/ws/spring-ws-core/1.5.5/spring-ws-core-1.5.5.jar:/home/david/.m2/repository/org/springframework/ws/spring-xml/1.5.5/spring-xml-1.5.5.jar:/home/david/.m2/repository/org/springframework/spring-context/2.5.5/spring-context-2.5.5.jar:/home/david/.m2/repository/aopalliance/aopalliance/1.0/aopalliance-1.0.jar:/home/david/.m2/repository/org/springframework/spring-beans/2.5.5/spring-beans-2.5.5.jar:/home/david/.m2/repository/org/springframework/spring-core/2.5.5/spring-core-2.5.5.jar:/home/david/.m2/repository/org/springframework/ws/spring-oxm/1.5.5/spring-oxm-1.5.5.jar:/home/david/.m2/repository/org/springframework/spring-aop/2.5.6/spring-aop-2.5.6.jar:/home/david/.m2/repository/org/springframework/spring-web/2.5.6/spring-web-2.5.6.jar:/home/david/.m2/repository/org/springframework/spring-webmvc/2.5.6/spring-webmvc-2.5.6.jar:/home/david/.m2/repository/org/springframework/spring-context-support/2.5.5/spring-context-support-2.5.5.jar:/home/david/.m2/repository/wsdl4j/wsdl4j/1.6.1/wsdl4j-1.6.1.jar:/home/david/.m2/repository/jdom/jdom/1.0/jdom-1.0.jar:/home/david/.m2/repository/jaxen/jaxen/1.1/jaxen-1.1.jar:/home/david/.m2/repository/dom4j/dom4j/1.6.1/dom4j-1.6.1.jar:/home/david/.m2/repository/xml-apis/xml-apis/1.3.02/xml-apis-1.3.02.jar:/home/david/.m2/repository/xerces/xercesImpl/2.6.2/xercesImpl-2.6.2.jar:/home/david/.m2/repository/xom/xom/1.0/xom-1.0.jar:/home/david/.m2/repository/xerces/xmlParserAPIs/2.6.2/xmlParserAPIs-2.6.2.jar:/home/david/.m2/repository/xalan/xalan/2.6.0/xalan-2.6.0.jar:/home/david/.m2/repository/com/ibm/icu/icu4j/2.6.1/icu4j-2.6.1.jar:/home/david/.m2/repository/javax/xml/soap/saaj-api/1.3/saaj-api-1.3.jar:/home/david/.m2/repository/javax/activation/activation/1.1/activation-1.1.jar:/home/david/.m2/repository/com/sun/xml/messaging/saaj/saaj-impl/1.3/saaj-impl-1.3.jar:/home/david/vgr/oppna-program/HsaTools/trunk/Search/composites/svc/target/HsaTools-Search-composite-svc-1.0-SNAPSHOT.jar:/home/david/.m2/repository/org/openldap/jldap/200710/jldap-200710.jar:/home/david/.m2/repository/org/springframework/spring-tx/2.5.5/spring-tx-2.5.5.jar:/home/david/.m2/repository/org/springframework/ldap/spring-ldap-core/1.3.0.RELEASE/spring-ldap-core-1.3.0.RELEASE.jar:/home/david/.m2/repository/commons-lang/commons-lang/2.3/commons-lang-2.3.jar:/home/david/.m2/repository/com/domain/TimeAndMoney/0.5.1/TimeAndMoney-0.5.1.jar:/home/david/.m2/repository/quartz/quartz/1.5.2/quartz-1.5.2.jar:/home/david/.m2/repository/com/jcraft/jsch/0.1.41/jsch-0.1.41.jar:/home/david/.m2/repository/geoGoogle/geoGoogle/1.5.0/geoGoogle-1.5.0.jar:/home/david/.m2/repository/commons-io/commons-io/1.3.1/commons-io-1.3.1.jar:/home/david/.m2/repository/commons-httpclient/commons-httpclient/3.1-beta1/commons-httpclient-3.1-beta1.jar:/home/david/.m2/repository/commons-codec/commons-codec/1.2/commons-codec-1.2.jar:/home/david/.m2/repository/com/sun/xml/bind/jaxb-impl/2.0.3/jaxb-impl-2.0.3.jar:/home/david/.m2/repository/javax/xml/bind/jaxb-api/2.1/jaxb-api-2.1.jar:/home/david/.m2/repository/javax/xml/bind/jsr173_api/1.0/jsr173_api-1.0.jar:/home/david/.m2/repository/javax/xml/stream/stax-api/1.0-2/stax-api-1.0-2.jar:/home/david/.m2/repository/org/apache/myfaces/core/myfaces-api/1.1.5/myfaces-api-1.1.5.jar:/home/david/.m2/repository/commons-beanutils/commons-beanutils/1.7.0/commons-beanutils-1.7.0.jar:/home/david/.m2/repository/javax/servlet/jstl/1.1.0/jstl-1.1.0.jar:/home/david/.m2/repository/commons-digester/commons-digester/1.6/commons-digester-1.6.jar:/home/david/.m2/repository/org/springframework/spring-webflow/1.0.5/spring-webflow-1.0.5.jar:/home/david/.m2/repository/ognl/ognl/2.6.9/ognl-2.6.9.jar:/home/david/.m2/repository/org/springframework/spring-binding/1.0.5/spring-binding-1.0.5.jar:/home/david/.m2/repository/junit/junit/4.4/junit-4.4.jar:/home/david/.m2/repository/org/easymock/easymock/2.4/easymock-2.4.jar:"/>
    <property name="java.io.tmpdir" value="/tmp"/>
    <property name="env.LD_LIBRARY_PATH" value="/usr/lib/jvm/java-6-sun-1.6.0.13/jre/lib/i386/server:/usr/lib/jvm/java-6-sun-1.6.0.13/jre/lib/i386:/usr/lib/jvm/java-6-sun-1.6.0.13/jre/../lib/i386:/usr/lib/jvm/java-6-sun-1.6.0.13/jre/lib/i386/client:/usr/lib/jvm/java-6-sun-1.6.0.13/jre/lib/i386:/usr/lib/xulrunner-addons:/usr/lib/xulrunner-addons"/>
    <property name="java.vendor.url.bug" value="http://java.sun.com/cgi-bin/bugreport.cgi"/>
    <property name="env.SSH_AUTH_SOCK" value="/tmp/keyring-DLfPvr/socket.ssh"/>
    <property name="java.awt.graphicsenv" value="sun.awt.X11GraphicsEnvironment"/>
    <property name="os.arch" value="i386"/>
    <property name="java.ext.dirs" value="/usr/lib/jvm/java-6-sun-1.6.0.13/jre/lib/ext:/usr/java/packages/lib/ext"/>
    <property name="user.dir" value="/home/david/vgr/oppna-program/HsaTools/trunk/HRIV/modules/intsvc"/>
    <property name="env.XAUTHORITY" value="/home/david/.Xauthority"/>
    <property name="env.GTK_MODULES" value="canberra-gtk-module"/>
    <property name="line.separator" value="
"/>
    <property name="java.vm.name" value="Java HotSpot(TM) Server VM"/>
    <property name="basedir" value="/home/david/vgr/oppna-program/HsaTools/trunk/HRIV/modules/intsvc"/>
    <property name="env.ORBIT_SOCKETDIR" value="/tmp/orbit-david"/>
    <property name="env.USERNAME" value="david"/>
    <property name="file.encoding" value="UTF-8"/>
    <property name="env.GNOME_KEYRING_SOCKET" value="/tmp/keyring-DLfPvr/socket"/>
    <property name="env.GPG_AGENT_INFO" value="/tmp/gpg-yEcaYK/S.gpg-agent:3964:1"/>
    <property name="java.specification.version" value="1.6"/>
  </properties>
  <testcase time="0.255" classname="se.vgregion.kivtools.search.intsvc.ws.UnitDetailsEndPointTest" name="testInvokeInternal"/>
</testsuite>